#! /usr/bin/vvp
:ivl_version "12.0 (stable)";
:ivl_delay_selection "TYPICAL";
:vpi_time_precision - 12;
:vpi_module "/usr/lib/x86_64-linux-gnu/ivl/system.vpi";
:vpi_module "/usr/lib/x86_64-linux-gnu/ivl/vhdl_sys.vpi";
:vpi_module "/usr/lib/x86_64-linux-gnu/ivl/vhdl_textio.vpi";
:vpi_module "/usr/lib/x86_64-linux-gnu/ivl/v2005_math.vpi";
:vpi_module "/usr/lib/x86_64-linux-gnu/ivl/va_math.vpi";
S_0x5d4f97722490 .scope module, "ifu_tb" "ifu_tb" 2 1;
 .timescale 0 0;
v0x5d4f9778cf90_0 .var "IF_ID_write", 0 0;
v0x5d4f9778d0a0_0 .var "IF_flush", 0 0;
v0x5d4f9778d1b0_0 .net "Instr_ID", 31 0, v0x5d4f9778a2a0_0;  1 drivers
v0x5d4f9778d2a0_0 .var "PCSrc", 0 0;
v0x5d4f9778d390_0 .var "PCTarget", 31 0;
v0x5d4f9778d4d0_0 .var "PCWrite", 0 0;
v0x5d4f9778d5c0_0 .var "clk", 0 0;
v0x5d4f9778d660_0 .net "pc_ID", 31 0, v0x5d4f9778a440_0;  1 drivers
v0x5d4f9778d770_0 .net "pc_plus_4_ID", 31 0, v0x5d4f9778a520_0;  1 drivers
v0x5d4f9778d830_0 .var "rst", 0 0;
S_0x5d4f97722620 .scope module, "dut" "instruction_fetch" 2 9, 3 3 0, S_0x5d4f97722490;
 .timescale -9 -12;
    .port_info 0 /INPUT 1 "clk";
    .port_info 1 /INPUT 1 "rst";
    .port_info 2 /INPUT 1 "PCSrc";
    .port_info 3 /INPUT 1 "PCWrite";
    .port_info 4 /INPUT 32 "PCTarget";
    .port_info 5 /INPUT 1 "IF_ID_write";
    .port_info 6 /INPUT 1 "IF_flush";
    .port_info 7 /OUTPUT 32 "Instr_ID";
    .port_info 8 /OUTPUT 32 "pc_ID";
    .port_info 9 /OUTPUT 32 "pc_plus_4_ID";
L_0x5d4f9779dd60 .functor BUFZ 32, L_0x5d4f9778dbf0, C4<00000000000000000000000000000000>, C4<00000000000000000000000000000000>, C4<00000000000000000000000000000000>;
L_0x5d4f9779deb0 .functor BUFZ 32, v0x5d4f9778bd50_0, C4<00000000000000000000000000000000>, C4<00000000000000000000000000000000>, C4<00000000000000000000000000000000>;
L_0x5d4f9779df90 .functor BUFZ 32, L_0x5d4f9779dcc0, C4<00000000000000000000000000000000>, C4<00000000000000000000000000000000>, C4<00000000000000000000000000000000>;
v0x5d4f9778c080_0 .net "IF_ID_write", 0 0, v0x5d4f9778cf90_0;  1 drivers
v0x5d4f9778c140_0 .net "IF_flush", 0 0, v0x5d4f9778d0a0_0;  1 drivers
v0x5d4f9778c210_0 .net "IF_instr", 31 0, L_0x5d4f9779dd60;  1 drivers
v0x5d4f9778c310_0 .net "IF_pc", 31 0, L_0x5d4f9779deb0;  1 drivers
v0x5d4f9778c3e0_0 .net "IF_pcplus4", 31 0, L_0x5d4f9779df90;  1 drivers
v0x5d4f9778c4d0_0 .net "Instr_ID", 31 0, v0x5d4f9778a2a0_0;  alias, 1 drivers
v0x5d4f9778c5a0_0 .net "PCSrc", 0 0, v0x5d4f9778d2a0_0;  1 drivers
v0x5d4f9778c670_0 .net "PCTarget", 31 0, v0x5d4f9778d390_0;  1 drivers
v0x5d4f9778c740_0 .net "PCWrite", 0 0, v0x5d4f9778d4d0_0;  1 drivers
v0x5d4f9778c8a0_0 .net "clk", 0 0, v0x5d4f9778d5c0_0;  1 drivers
v0x5d4f9778c940_0 .net "instruction_code", 31 0, L_0x5d4f9778dbf0;  1 drivers
v0x5d4f9778c9e0_0 .net "next_pc", 31 0, L_0x5d4f9778d8d0;  1 drivers
v0x5d4f9778cad0_0 .net "pc", 31 0, v0x5d4f9778bd50_0;  1 drivers
v0x5d4f9778cb70_0 .net "pc_ID", 31 0, v0x5d4f9778a440_0;  alias, 1 drivers
v0x5d4f9778cc10_0 .net "pc_plus_4", 31 0, L_0x5d4f9779dcc0;  1 drivers
v0x5d4f9778cd00_0 .net "pc_plus_4_ID", 31 0, v0x5d4f9778a520_0;  alias, 1 drivers
v0x5d4f9778cda0_0 .net "rst", 0 0, v0x5d4f9778d830_0;  1 drivers
S_0x5d4f9775fe80 .scope module, "if_id_reg" "IF_ID" 3 58, 4 1 0, S_0x5d4f97722620;
 .timescale 0 0;
    .port_info 0 /INPUT 1 "clk";
    .port_info 1 /INPUT 1 "rst";
    .port_info 2 /INPUT 1 "IF_flush";
    .port_info 3 /INPUT 1 "IF_ID_write";
    .port_info 4 /INPUT 32 "IF_instr";
    .port_info 5 /INPUT 32 "IF_pc";
    .port_info 6 /INPUT 32 "IF_pcplus4";
    .port_info 7 /OUTPUT 32 "Instr_ID";
    .port_info 8 /OUTPUT 32 "pc_ID";
    .port_info 9 /OUTPUT 32 "pc_plus_4_ID";
v0x5d4f9776c750_0 .net "IF_ID_write", 0 0, v0x5d4f9778cf90_0;  alias, 1 drivers
v0x5d4f97789f10_0 .net "IF_flush", 0 0, v0x5d4f9778d0a0_0;  alias, 1 drivers
v0x5d4f97789fd0_0 .net "IF_instr", 31 0, L_0x5d4f9779dd60;  alias, 1 drivers
v0x5d4f9778a090_0 .net "IF_pc", 31 0, L_0x5d4f9779deb0;  alias, 1 drivers
v0x5d4f9778a170_0 .net "IF_pcplus4", 31 0, L_0x5d4f9779df90;  alias, 1 drivers
v0x5d4f9778a2a0_0 .var "Instr_ID", 31 0;
v0x5d4f9778a380_0 .net "clk", 0 0, v0x5d4f9778d5c0_0;  alias, 1 drivers
v0x5d4f9778a440_0 .var "pc_ID", 31 0;
v0x5d4f9778a520_0 .var "pc_plus_4_ID", 31 0;
v0x5d4f9778a600_0 .net "rst", 0 0, v0x5d4f9778d830_0;  alias, 1 drivers
E_0x5d4f9775d5b0 .event posedge, v0x5d4f9778a600_0, v0x5d4f9778a380_0;
S_0x5d4f9778a800 .scope module, "imu" "instruction_memory" 3 41, 5 1 0, S_0x5d4f97722620;
 .timescale -9 -12;
    .port_info 0 /INPUT 32 "pc";
    .port_info 1 /OUTPUT 32 "instruction_code";
L_0x5d4f9778dbf0 .functor BUFZ 32, L_0x5d4f9778d9b0, C4<00000000000000000000000000000000>, C4<00000000000000000000000000000000>, C4<00000000000000000000000000000000>;
v0x5d4f9778a9b0_0 .net *"_ivl_0", 31 0, L_0x5d4f9778d9b0;  1 drivers
v0x5d4f9778aab0_0 .net *"_ivl_3", 29 0, L_0x5d4f9778da70;  1 drivers
v0x5d4f9778ab90_0 .net "instruction_code", 31 0, L_0x5d4f9778dbf0;  alias, 1 drivers
v0x5d4f9778ac50 .array "mem", 1023 0, 31 0;
v0x5d4f9778ad10_0 .net "pc", 31 0, v0x5d4f9778bd50_0;  alias, 1 drivers
L_0x5d4f9778d9b0 .array/port v0x5d4f9778ac50, L_0x5d4f9778da70;
L_0x5d4f9778da70 .part v0x5d4f9778bd50_0, 2, 30;
S_0x5d4f9778aea0 .scope module, "pc_adder" "adder" 3 47, 6 1 0, S_0x5d4f97722620;
 .timescale 0 0;
    .port_info 0 /INPUT 32 "pc";
    .port_info 1 /OUTPUT 32 "pc_plus_4";
L_0x7c1dda157018 .functor BUFT 1, C4<00000000000000000000000000000100>, C4<0>, C4<0>, C4<0>;
v0x5d4f9778b080_0 .net/2u *"_ivl_0", 31 0, L_0x7c1dda157018;  1 drivers
v0x5d4f9778b160_0 .net "pc", 31 0, v0x5d4f9778bd50_0;  alias, 1 drivers
v0x5d4f9778b220_0 .net "pc_plus_4", 31 0, L_0x5d4f9779dcc0;  alias, 1 drivers
L_0x5d4f9779dcc0 .arith/sum 32, v0x5d4f9778bd50_0, L_0x7c1dda157018;
S_0x5d4f9778b320 .scope module, "pc_mux" "mux" 3 24, 7 1 0, S_0x5d4f97722620;
 .timescale -9 -12;
    .port_info 0 /INPUT 32 "pc_plus_4";
    .port_info 1 /INPUT 32 "PCTarget";
    .port_info 2 /INPUT 1 "PCSrc";
    .port_info 3 /OUTPUT 32 "next_pc";
v0x5d4f9778b570_0 .net "PCSrc", 0 0, v0x5d4f9778d2a0_0;  alias, 1 drivers
v0x5d4f9778b630_0 .net "PCTarget", 31 0, v0x5d4f9778d390_0;  alias, 1 drivers
v0x5d4f9778b710_0 .net "next_pc", 31 0, L_0x5d4f9778d8d0;  alias, 1 drivers
v0x5d4f9778b7d0_0 .net "pc_plus_4", 31 0, L_0x5d4f9779dcc0;  alias, 1 drivers
L_0x5d4f9778d8d0 .functor MUXZ 32, L_0x5d4f9779dcc0, v0x5d4f9778d390_0, v0x5d4f9778d2a0_0, C4<>;
S_0x5d4f9778b950 .scope module, "program_counter" "pc" 3 32, 8 1 0, S_0x5d4f97722620;
 .timescale -9 -12;
    .port_info 0 /INPUT 1 "clk";
    .port_info 1 /INPUT 1 "rst";
    .port_info 2 /INPUT 1 "pc_write";
    .port_info 3 /INPUT 32 "next_pc";
    .port_info 4 /OUTPUT 32 "pc";
v0x5d4f9778bbc0_0 .net "clk", 0 0, v0x5d4f9778d5c0_0;  alias, 1 drivers
v0x5d4f9778bc80_0 .net "next_pc", 31 0, L_0x5d4f9778d8d0;  alias, 1 drivers
v0x5d4f9778bd50_0 .var "pc", 31 0;
v0x5d4f9778be70_0 .net "pc_write", 0 0, v0x5d4f9778d4d0_0;  alias, 1 drivers
v0x5d4f9778bf10_0 .net "rst", 0 0, v0x5d4f9778d830_0;  alias, 1 drivers
E_0x5d4f97746390 .event posedge, v0x5d4f9778a380_0;
    .scope S_0x5d4f9778b950;
T_0 ;
    %wait E_0x5d4f97746390;
    %load/vec4 v0x5d4f9778bf10_0;
    %flag_set/vec4 8;
    %jmp/0xz  T_0.0, 8;
    %pushi/vec4 0, 0, 32;
    %assign/vec4 v0x5d4f9778bd50_0, 0;
    %jmp T_0.1;
T_0.0 ;
    %load/vec4 v0x5d4f9778be70_0;
    %flag_set/vec4 8;
    %jmp/0xz  T_0.2, 8;
    %load/vec4 v0x5d4f9778bc80_0;
    %assign/vec4 v0x5d4f9778bd50_0, 0;
    %jmp T_0.3;
T_0.2 ;
    %load/vec4 v0x5d4f9778bd50_0;
    %assign/vec4 v0x5d4f9778bd50_0, 0;
T_0.3 ;
T_0.1 ;
    %jmp T_0;
    .thread T_0;
    .scope S_0x5d4f9778a800;
T_1 ;
    %vpi_call 5 9 "$readmemh", "program.mem", v0x5d4f9778ac50 {0 0 0};
    %end;
    .thread T_1;
    .scope S_0x5d4f9775fe80;
T_2 ;
    %wait E_0x5d4f9775d5b0;
    %load/vec4 v0x5d4f9778a600_0;
    %flag_set/vec4 8;
    %jmp/0xz  T_2.0, 8;
    %pushi/vec4 0, 0, 32;
    %assign/vec4 v0x5d4f9778a2a0_0, 0;
    %pushi/vec4 0, 0, 32;
    %assign/vec4 v0x5d4f9778a440_0, 0;
    %pushi/vec4 0, 0, 32;
    %assign/vec4 v0x5d4f9778a520_0, 0;
T_2.0 ;
    %load/vec4 v0x5d4f97789f10_0;
    %flag_set/vec4 8;
    %jmp/0xz  T_2.2, 8;
    %pushi/vec4 0, 0, 32;
    %assign/vec4 v0x5d4f9778a2a0_0, 0;
    %pushi/vec4 0, 0, 32;
    %assign/vec4 v0x5d4f9778a440_0, 0;
    %pushi/vec4 0, 0, 32;
    %assign/vec4 v0x5d4f9778a520_0, 0;
    %jmp T_2.3;
T_2.2 ;
    %load/vec4 v0x5d4f9776c750_0;
    %flag_set/vec4 8;
    %jmp/0xz  T_2.4, 8;
    %load/vec4 v0x5d4f97789fd0_0;
    %assign/vec4 v0x5d4f9778a2a0_0, 0;
    %load/vec4 v0x5d4f9778a090_0;
    %assign/vec4 v0x5d4f9778a440_0, 0;
    %load/vec4 v0x5d4f9778a170_0;
    %assign/vec4 v0x5d4f9778a520_0, 0;
T_2.4 ;
T_2.3 ;
    %jmp T_2;
    .thread T_2;
    .scope S_0x5d4f97722490;
T_3 ;
    %delay 2285707264, 11641;
    %load/vec4 v0x5d4f9778d5c0_0;
    %inv;
    %store/vec4 v0x5d4f9778d5c0_0, 0, 1;
    %jmp T_3;
    .thread T_3;
    .scope S_0x5d4f97722490;
T_4 ;
    %pushi/vec4 1, 0, 1;
    %store/vec4 v0x5d4f9778d830_0, 0, 1;
    %pushi/vec4 0, 0, 1;
    %store/vec4 v0x5d4f9778d5c0_0, 0, 1;
    %delay 552894464, 46566;
    %pushi/vec4 0, 0, 1;
    %store/vec4 v0x5d4f9778d830_0, 0, 1;
    %pushi/vec4 0, 0, 1;
    %store/vec4 v0x5d4f9778d2a0_0, 0, 1;
    %pushi/vec4 0, 0, 32;
    %store/vec4 v0x5d4f9778d390_0, 0, 32;
    %pushi/vec4 1, 0, 1;
    %store/vec4 v0x5d4f9778d4d0_0, 0, 1;
    %pushi/vec4 1, 0, 1;
    %store/vec4 v0x5d4f9778cf90_0, 0, 1;
    %pushi/vec4 0, 0, 1;
    %store/vec4 v0x5d4f9778d0a0_0, 0, 1;
    %delay 1105788928, 93132;
    %pushi/vec4 0, 0, 1;
    %store/vec4 v0x5d4f9778d4d0_0, 0, 1;
    %pushi/vec4 0, 0, 1;
    %store/vec4 v0x5d4f9778cf90_0, 0, 1;
    %delay 552894464, 46566;
    %pushi/vec4 1, 0, 1;
    %store/vec4 v0x5d4f9778d4d0_0, 0, 1;
    %pushi/vec4 1, 0, 1;
    %store/vec4 v0x5d4f9778cf90_0, 0, 1;
    %delay 552894464, 46566;
    %pushi/vec4 1, 0, 1;
    %store/vec4 v0x5d4f9778d2a0_0, 0, 1;
    %pushi/vec4 4, 0, 32;
    %store/vec4 v0x5d4f9778d390_0, 0, 32;
    %pushi/vec4 1, 0, 1;
    %store/vec4 v0x5d4f9778d0a0_0, 0, 1;
    %delay 552894464, 46566;
    %pushi/vec4 0, 0, 1;
    %store/vec4 v0x5d4f9778d2a0_0, 0, 1;
    %pushi/vec4 0, 0, 1;
    %store/vec4 v0x5d4f9778d0a0_0, 0, 1;
    %delay 2764472320, 232830;
    %vpi_call 2 44 "$finish" {0 0 0};
    %end;
    .thread T_4;
    .scope S_0x5d4f97722490;
T_5 ;
    %vpi_call 2 49 "$dumpfile", "ifu_tb.vcd" {0 0 0};
    %vpi_call 2 50 "$dumpvars", 32'sb00000000000000000000000000000000, S_0x5d4f97722490 {0 0 0};
    %vpi_call 2 52 "$monitor", "Time=%0t | PC=%h | Instr=%h | PC+4=%h | IF_ID_Write=%b | PC_write =%b| Flush=%b", $time, v0x5d4f9778d660_0, v0x5d4f9778d1b0_0, v0x5d4f9778d770_0, v0x5d4f9778cf90_0, v0x5d4f9778d4d0_0, v0x5d4f9778d0a0_0 {0 0 0};
    %end;
    .thread T_5;
# The file index is used to find the file name in the following table.
:file_names 9;
    "N/A";
    "<interactive>";
    "ifu_tb.v";
    "instruction_fetch.v";
    "IF_ID.v";
    "instruction_memory.v";
    "adder.v";
    "mux.v";
    "pc.v";
